Matching for: Bruce
done matching
Matching for: Bruce
done matching
Matching for: Bruce
done matching
Matching for: Bruce
done matching
Matching for: Bruce
done matching
Matching for: Bruce
done matching
Matching for: Bruce
done matching
Matching for: Callum
done matching
Matching for: Callum
done matching
Matching for: Callum
done matching
Matching for: Callum
done matching
Matching for: Callum
done matching
Matching for: Callum
done matching
Matching for: Callum
done matching
Matching for: Callum
done matching
Matching for: Callum
done matching
Matching for: Callum
done matching
Matching for: Callum
done matching
Matching for: Callum
done matching
Matching for: Callum
done matching
Matching for: Callum
done matching
Matching for: Callum
done matching
Matching for: Callum
done matching
Matching for: Callum
done matching
Matching for: Callum
done matching
Matching for: Callum
done matching
Matching for: Callum
done matching
Matching for: Callum
done matching
Matching for: Rory
done matching
Matching for: Rory
done matching
Matching for: Rory
done matching
Matching for: Callum
done matching
Matching for: Callum
done matching
Could not listen on port: 6789.
Could not listen on port: 6789.
Could not listen on port: 6789.
